This file contains any messages produced by compilers while
running configure, to aid debugging if configure makes a mistake.

It was created by configure, which was
generated by GNU Autoconf 2.64.  Invocation command line was

  $ ../gcc-4.5.1/configure --target=mips --prefix=/udd/alf/wcet/mips-gcc/ --with-mpfr=/local/blesage/mips-toolchain/lib_install --with-gmp=/local/blesage/mips-toolchain/lib_install --with-mpc=/local/blesage/mips-toolchain/lib_install --enable-interwork --disable-multilib --enable-languages=c,c++ --with-newlib --with-gnu-as --with-gnu-ld --disable-nls --disable-shared --disable-threads --with-headers=newlib/libc/include --disable-werror --with-system-zlib --disable-newlib-supplied-syscalls

## --------- ##
## Platform. ##
## --------- ##

hostname = parasard
uname -m = x86_64
uname -r = 2.6.32.12-115.fc12.x86_64
uname -s = Linux
uname -v = #1 SMP Fri Apr 30 19:46:25 UTC 2010

/usr/bin/uname -p = unknown
/bin/uname -X     = unknown

/bin/arch              = x86_64
/usr/bin/arch -k       = unknown
/usr/convex/getsysinfo = unknown
/usr/bin/hostinfo      = unknown
/bin/machine           = unknown
/usr/bin/oslevel       = unknown
/bin/universe          = unknown

PATH: /udd/alf/wcet/mips-gcc//bin
PATH: /usr/bin
PATH: /bin
PATH: /usr/bin/X11
PATH: /usr/local/bin
PATH: .
PATH: /usr/lib64/qt-3.3/bin
PATH: /usr/lib64/mpich2/bin
PATH: /usr/kerberos/sbin
PATH: /usr/kerberos/bin
PATH: /usr/lib64/ccache
PATH: /udd/dhardy/bin/lp_solve/lp_solve_5.5/lp_solve/
PATH: /udd/blesage/surf


## ----------- ##
## Core tests. ##
## ----------- ##

configure:2429: checking build system type
configure:2443: result: x86_64-unknown-linux-gnu
configure:2490: checking host system type
configure:2503: result: x86_64-unknown-linux-gnu
configure:2523: checking target system type
configure:2536: result: mips-unknown-elf
configure:2590: checking for a BSD-compatible install
configure:2658: result: /usr/bin/install -c
configure:2669: checking whether ln works
configure:2691: result: yes
configure:2695: checking whether ln -s works
configure:2699: result: yes
configure:2706: checking for a sed that does not truncate output
configure:2770: result: /bin/sed
configure:2779: checking for gawk
configure:2795: found /usr/bin/gawk
configure:2806: result: gawk
configure:4039: checking for gcc
configure:4055: found /usr/bin/gcc
configure:4066: result: gcc
configure:4295: checking for C compiler version
configure:4304: gcc --version >&5
gcc (GCC) 4.4.3 20100127 (Red Hat 4.4.3-4)
Copyright (C) 2010 Free Software Foundation, Inc.
This is free software; see the source for copying conditions.  There is NO
warranty; not even for MERCHANTABILITY or FITNESS FOR A PARTICULAR PURPOSE.

configure:4315: $? = 0
configure:4304: gcc -v >&5
Using built-in specs.
Target: x86_64-redhat-linux
Configured with: ../configure --prefix=/usr --mandir=/usr/share/man --infodir=/usr/share/info --with-bugurl=http://bugzilla.redhat.com/bugzilla --enable-bootstrap --enable-shared --enable-threads=posix --enable-checking=release --with-system-zlib --enable-__cxa_atexit --disable-libunwind-exceptions --enable-gnu-unique-object --enable-languages=c,c++,objc,obj-c++,java,fortran,ada --enable-java-awt=gtk --disable-dssi --enable-plugin --with-java-home=/usr/lib/jvm/java-1.5.0-gcj-1.5.0.0/jre --enable-libgcj-multifile --enable-java-maintainer-mode --with-ecj-jar=/usr/share/java/eclipse-ecj.jar --disable-libjava-multilib --with-ppl --with-cloog --with-tune=generic --with-arch_32=i686 --build=x86_64-redhat-linux
Thread model: posix
gcc version 4.4.3 20100127 (Red Hat 4.4.3-4) (GCC) 
configure:4315: $? = 0
configure:4304: gcc -V >&5
gcc: '-V' option must have argument
configure:4315: $? = 1
configure:4304: gcc -qversion >&5
gcc: unrecognized option '-qversion'
gcc: no input files
configure:4315: $? = 1
configure:4335: checking for C compiler default output file name
configure:4357: gcc    conftest.c  >&5
configure:4361: $? = 0
configure:4398: result: a.out
configure:4414: checking whether the C compiler works
configure:4423: ./a.out
configure:4427: $? = 0
configure:4442: result: yes
configure:4449: checking whether we are cross compiling
configure:4451: result: no
configure:4454: checking for suffix of executables
configure:4461: gcc -o conftest    conftest.c  >&5
configure:4465: $? = 0
configure:4487: result: 
configure:4493: checking for suffix of object files
configure:4515: gcc -c   conftest.c >&5
configure:4519: $? = 0
configure:4540: result: o
configure:4544: checking whether we are using the GNU C compiler
configure:4563: gcc -c   conftest.c >&5
configure:4563: $? = 0
configure:4572: result: yes
configure:4581: checking whether gcc accepts -g
configure:4601: gcc -c -g  conftest.c >&5
configure:4601: $? = 0
configure:4642: result: yes
configure:4659: checking for gcc option to accept ISO C89
configure:4723: gcc  -c -g -O2  conftest.c >&5
configure:4723: $? = 0
configure:4736: result: none needed
configure:4814: checking for g++
configure:4830: found /usr/bin/g++
configure:4841: result: g++
configure:4868: checking for C++ compiler version
configure:4877: g++ --version >&5
g++ (GCC) 4.4.3 20100127 (Red Hat 4.4.3-4)
Copyright (C) 2010 Free Software Foundation, Inc.
This is free software; see the source for copying conditions.  There is NO
warranty; not even for MERCHANTABILITY or FITNESS FOR A PARTICULAR PURPOSE.

configure:4888: $? = 0
configure:4877: g++ -v >&5
Using built-in specs.
Target: x86_64-redhat-linux
Configured with: ../configure --prefix=/usr --mandir=/usr/share/man --infodir=/usr/share/info --with-bugurl=http://bugzilla.redhat.com/bugzilla --enable-bootstrap --enable-shared --enable-threads=posix --enable-checking=release --with-system-zlib --enable-__cxa_atexit --disable-libunwind-exceptions --enable-gnu-unique-object --enable-languages=c,c++,objc,obj-c++,java,fortran,ada --enable-java-awt=gtk --disable-dssi --enable-plugin --with-java-home=/usr/lib/jvm/java-1.5.0-gcj-1.5.0.0/jre --enable-libgcj-multifile --enable-java-maintainer-mode --with-ecj-jar=/usr/share/java/eclipse-ecj.jar --disable-libjava-multilib --with-ppl --with-cloog --with-tune=generic --with-arch_32=i686 --build=x86_64-redhat-linux
Thread model: posix
gcc version 4.4.3 20100127 (Red Hat 4.4.3-4) (GCC) 
configure:4888: $? = 0
configure:4877: g++ -V >&5
g++: '-V' option must have argument
configure:4888: $? = 1
configure:4877: g++ -qversion >&5
g++: unrecognized option '-qversion'
g++: no input files
configure:4888: $? = 1
configure:4892: checking whether we are using the GNU C++ compiler
configure:4911: g++ -c   conftest.cpp >&5
configure:4911: $? = 0
configure:4920: result: yes
configure:4929: checking whether g++ accepts -g
configure:4949: g++ -c -g  conftest.cpp >&5
configure:4949: $? = 0
configure:4990: result: yes
configure:5079: checking for gnatbind
configure:5095: found /usr/bin/gnatbind
configure:5106: result: gnatbind
configure:5171: checking for gnatmake
configure:5187: found /usr/bin/gnatmake
configure:5198: result: gnatmake
configure:5220: checking whether compiler driver understands Ada
configure:5243: result: yes
configure:5252: checking how to compare bootstrapped objects
configure:5277: result: cmp --ignore-initial=16 $$f1 $$f2
configure:5293: checking for objdir
configure:5308: result: .libs
configure:5474: checking for the correct version of gmp.h
configure:5494: gcc -c -g -O2 -I/local/blesage/mips-toolchain/lib_install/include -I/local/blesage/mips-toolchain/lib_install/include -I/local/blesage/mips-toolchain/lib_install/include   conftest.c >&5
configure:5494: $? = 0
configure:5512: gcc -c -g -O2 -I/local/blesage/mips-toolchain/lib_install/include -I/local/blesage/mips-toolchain/lib_install/include -I/local/blesage/mips-toolchain/lib_install/include   conftest.c >&5
configure:5512: $? = 0
configure:5513: result: yes
configure:5529: checking for the correct version of mpfr.h
configure:5547: gcc -c -g -O2 -I/local/blesage/mips-toolchain/lib_install/include -I/local/blesage/mips-toolchain/lib_install/include -I/local/blesage/mips-toolchain/lib_install/include   conftest.c >&5
configure:5547: $? = 0
configure:5564: gcc -c -g -O2 -I/local/blesage/mips-toolchain/lib_install/include -I/local/blesage/mips-toolchain/lib_install/include -I/local/blesage/mips-toolchain/lib_install/include   conftest.c >&5
configure:5564: $? = 0
configure:5565: result: yes
configure:5582: checking for the correct version of mpc.h
configure:5599: gcc -c -g -O2 -I/local/blesage/mips-toolchain/lib_install/include -I/local/blesage/mips-toolchain/lib_install/include -I/local/blesage/mips-toolchain/lib_install/include   conftest.c >&5
configure:5599: $? = 0
configure:5615: gcc -c -g -O2 -I/local/blesage/mips-toolchain/lib_install/include -I/local/blesage/mips-toolchain/lib_install/include -I/local/blesage/mips-toolchain/lib_install/include   conftest.c >&5
configure:5615: $? = 0
configure:5616: result: yes
configure:5634: checking for the correct version of the gmp/mpfr/mpc libraries
configure:5665: gcc -o conftest -g -O2 -I/local/blesage/mips-toolchain/lib_install/include -I/local/blesage/mips-toolchain/lib_install/include -I/local/blesage/mips-toolchain/lib_install/include    conftest.c  -L/local/blesage/mips-toolchain/lib_install/lib -L/local/blesage/mips-toolchain/lib_install/lib -L/local/blesage/mips-toolchain/lib_install/lib -lmpc -lmpfr -lgmp >&5
configure:5665: $? = 0
configure:5666: result: yes
configure:5841: checking for version 0.10 of PPL
configure:5858: gcc -c -g -O2  -I/local/blesage/mips-toolchain/lib_install/include -I/local/blesage/mips-toolchain/lib_install/include -I/local/blesage/mips-toolchain/lib_install/include   conftest.c >&5
conftest.c:10:19: error: ppl_c.h: No such file or directory
conftest.c: In function 'main':
conftest.c:16: error: 'choke' undeclared (first use in this function)
conftest.c:16: error: (Each undeclared identifier is reported only once
conftest.c:16: error: for each function it appears in.)
conftest.c:16: error: expected ';' before 'me'
configure:5858: $? = 1
configure: failed program was:
| /* confdefs.h */
| #define PACKAGE_NAME ""
| #define PACKAGE_TARNAME ""
| #define PACKAGE_VERSION ""
| #define PACKAGE_STRING ""
| #define PACKAGE_BUGREPORT ""
| #define PACKAGE_URL ""
| #define LT_OBJDIR ".libs/"
| /* end confdefs.h.  */
| #include "ppl_c.h"
| int
| main ()
| {
| 
|   #if PPL_VERSION_MAJOR != 0 || PPL_VERSION_MINOR != 10
|   choke me
|   #endif
| 
|   ;
|   return 0;
| }
configure:5862: result: no
configure:6004: checking how to run the C preprocessor
configure:6035: gcc -E  conftest.c
configure:6035: $? = 0
configure:6049: gcc -E  conftest.c
conftest.c:10:28: error: ac_nonexistent.h: No such file or directory
configure:6049: $? = 1
configure: failed program was:
| /* confdefs.h */
| #define PACKAGE_NAME ""
| #define PACKAGE_TARNAME ""
| #define PACKAGE_VERSION ""
| #define PACKAGE_STRING ""
| #define PACKAGE_BUGREPORT ""
| #define PACKAGE_URL ""
| #define LT_OBJDIR ".libs/"
| /* end confdefs.h.  */
| #include <ac_nonexistent.h>
configure:6074: result: gcc -E
configure:6094: gcc -E  conftest.c
configure:6094: $? = 0
configure:6108: gcc -E  conftest.c
conftest.c:10:28: error: ac_nonexistent.h: No such file or directory
configure:6108: $? = 1
configure: failed program was:
| /* confdefs.h */
| #define PACKAGE_NAME ""
| #define PACKAGE_TARNAME ""
| #define PACKAGE_VERSION ""
| #define PACKAGE_STRING ""
| #define PACKAGE_BUGREPORT ""
| #define PACKAGE_URL ""
| #define LT_OBJDIR ".libs/"
| /* end confdefs.h.  */
| #include <ac_nonexistent.h>
configure:6137: checking for grep that handles long lines and -e
configure:6195: result: /bin/grep
configure:6200: checking for egrep
configure:6262: result: /bin/grep -E
configure:6267: checking for ANSI C header files
configure:6287: gcc -c -g -O2  conftest.c >&5
configure:6287: $? = 0
configure:6360: gcc -o conftest -g -O2   conftest.c  >&5
configure:6360: $? = 0
configure:6360: ./conftest
configure:6360: $? = 0
configure:6371: result: yes
configure:6384: checking for sys/types.h
configure:6384: gcc -c -g -O2  conftest.c >&5
configure:6384: $? = 0
configure:6384: result: yes
configure:6384: checking for sys/stat.h
configure:6384: gcc -c -g -O2  conftest.c >&5
configure:6384: $? = 0
configure:6384: result: yes
configure:6384: checking for stdlib.h
configure:6384: gcc -c -g -O2  conftest.c >&5
configure:6384: $? = 0
configure:6384: result: yes
configure:6384: checking for string.h
configure:6384: gcc -c -g -O2  conftest.c >&5
configure:6384: $? = 0
configure:6384: result: yes
configure:6384: checking for memory.h
configure:6384: gcc -c -g -O2  conftest.c >&5
configure:6384: $? = 0
configure:6384: result: yes
configure:6384: checking for strings.h
configure:6384: gcc -c -g -O2  conftest.c >&5
configure:6384: $? = 0
configure:6384: result: yes
configure:6384: checking for inttypes.h
configure:6384: gcc -c -g -O2  conftest.c >&5
configure:6384: $? = 0
configure:6384: result: yes
configure:6384: checking for stdint.h
configure:6384: gcc -c -g -O2  conftest.c >&5
configure:6384: $? = 0
configure:6384: result: yes
configure:6384: checking for unistd.h
configure:6384: gcc -c -g -O2  conftest.c >&5
configure:6384: $? = 0
configure:6384: result: yes
configure:6475: checking libelf.h usability
configure:6475: gcc -c -g -O2 -I/usr/include/libelf  -I/usr/include/libelf conftest.c >&5
configure:6475: $? = 0
configure:6475: result: yes
configure:6475: checking libelf.h presence
configure:6475: gcc -E  -I/usr/include/libelf conftest.c
configure:6475: $? = 0
configure:6475: result: yes
configure:6475: checking for libelf.h
configure:6475: result: yes
configure:6487: checking gelf.h usability
configure:6487: gcc -c -g -O2 -I/usr/include/libelf  -I/usr/include/libelf conftest.c >&5
configure:6487: $? = 0
configure:6487: result: yes
configure:6487: checking gelf.h presence
configure:6487: gcc -E  -I/usr/include/libelf conftest.c
configure:6487: $? = 0
configure:6487: result: yes
configure:6487: checking for gelf.h
configure:6487: result: yes
configure:6500: checking libelf/libelf.h usability
configure:6500: gcc -c -g -O2 -I/usr/include/libelf  -I/usr/include/libelf conftest.c >&5
conftest.c:55:27: error: libelf/libelf.h: No such file or directory
configure:6500: $? = 1
configure: failed program was:
| /* confdefs.h */
| #define PACKAGE_NAME ""
| #define PACKAGE_TARNAME ""
| #define PACKAGE_VERSION ""
| #define PACKAGE_STRING ""
| #define PACKAGE_BUGREPORT ""
| #define PACKAGE_URL ""
| #define LT_OBJDIR ".libs/"
| #define STDC_HEADERS 1
| #define HAVE_SYS_TYPES_H 1
| #define HAVE_SYS_STAT_H 1
| #define HAVE_STDLIB_H 1
| #define HAVE_STRING_H 1
| #define HAVE_MEMORY_H 1
| #define HAVE_STRINGS_H 1
| #define HAVE_INTTYPES_H 1
| #define HAVE_STDINT_H 1
| #define HAVE_UNISTD_H 1
| #define HAVE_LIBELF_H 1
| #define HAVE_GELF_H 1
| /* end confdefs.h.  */
| #include <stdio.h>
| #ifdef HAVE_SYS_TYPES_H
| # include <sys/types.h>
| #endif
| #ifdef HAVE_SYS_STAT_H
| # include <sys/stat.h>
| #endif
| #ifdef STDC_HEADERS
| # include <stdlib.h>
| # include <stddef.h>
| #else
| # ifdef HAVE_STDLIB_H
| #  include <stdlib.h>
| # endif
| #endif
| #ifdef HAVE_STRING_H
| # if !defined STDC_HEADERS && defined HAVE_MEMORY_H
| #  include <memory.h>
| # endif
| # include <string.h>
| #endif
| #ifdef HAVE_STRINGS_H
| # include <strings.h>
| #endif
| #ifdef HAVE_INTTYPES_H
| # include <inttypes.h>
| #endif
| #ifdef HAVE_STDINT_H
| # include <stdint.h>
| #endif
| #ifdef HAVE_UNISTD_H
| # include <unistd.h>
| #endif
| #include <libelf/libelf.h>
configure:6500: result: no
configure:6500: checking libelf/libelf.h presence
configure:6500: gcc -E  -I/usr/include/libelf conftest.c
conftest.c:22:27: error: libelf/libelf.h: No such file or directory
configure:6500: $? = 1
configure: failed program was:
| /* confdefs.h */
| #define PACKAGE_NAME ""
| #define PACKAGE_TARNAME ""
| #define PACKAGE_VERSION ""
| #define PACKAGE_STRING ""
| #define PACKAGE_BUGREPORT ""
| #define PACKAGE_URL ""
| #define LT_OBJDIR ".libs/"
| #define STDC_HEADERS 1
| #define HAVE_SYS_TYPES_H 1
| #define HAVE_SYS_STAT_H 1
| #define HAVE_STDLIB_H 1
| #define HAVE_STRING_H 1
| #define HAVE_MEMORY_H 1
| #define HAVE_STRINGS_H 1
| #define HAVE_INTTYPES_H 1
| #define HAVE_STDINT_H 1
| #define HAVE_UNISTD_H 1
| #define HAVE_LIBELF_H 1
| #define HAVE_GELF_H 1
| /* end confdefs.h.  */
| #include <libelf/libelf.h>
configure:6500: result: no
configure:6500: checking for libelf/libelf.h
configure:6500: result: no
configure:6512: checking libelf/gelf.h usability
configure:6512: gcc -c -g -O2 -I/usr/include/libelf  -I/usr/include/libelf conftest.c >&5
conftest.c:55:25: error: libelf/gelf.h: No such file or directory
configure:6512: $? = 1
configure: failed program was:
| /* confdefs.h */
| #define PACKAGE_NAME ""
| #define PACKAGE_TARNAME ""
| #define PACKAGE_VERSION ""
| #define PACKAGE_STRING ""
| #define PACKAGE_BUGREPORT ""
| #define PACKAGE_URL ""
| #define LT_OBJDIR ".libs/"
| #define STDC_HEADERS 1
| #define HAVE_SYS_TYPES_H 1
| #define HAVE_SYS_STAT_H 1
| #define HAVE_STDLIB_H 1
| #define HAVE_STRING_H 1
| #define HAVE_MEMORY_H 1
| #define HAVE_STRINGS_H 1
| #define HAVE_INTTYPES_H 1
| #define HAVE_STDINT_H 1
| #define HAVE_UNISTD_H 1
| #define HAVE_LIBELF_H 1
| #define HAVE_GELF_H 1
| /* end confdefs.h.  */
| #include <stdio.h>
| #ifdef HAVE_SYS_TYPES_H
| # include <sys/types.h>
| #endif
| #ifdef HAVE_SYS_STAT_H
| # include <sys/stat.h>
| #endif
| #ifdef STDC_HEADERS
| # include <stdlib.h>
| # include <stddef.h>
| #else
| # ifdef HAVE_STDLIB_H
| #  include <stdlib.h>
| # endif
| #endif
| #ifdef HAVE_STRING_H
| # if !defined STDC_HEADERS && defined HAVE_MEMORY_H
| #  include <memory.h>
| # endif
| # include <string.h>
| #endif
| #ifdef HAVE_STRINGS_H
| # include <strings.h>
| #endif
| #ifdef HAVE_INTTYPES_H
| # include <inttypes.h>
| #endif
| #ifdef HAVE_STDINT_H
| # include <stdint.h>
| #endif
| #ifdef HAVE_UNISTD_H
| # include <unistd.h>
| #endif
| #include <libelf/gelf.h>
configure:6512: result: no
configure:6512: checking libelf/gelf.h presence
configure:6512: gcc -E  -I/usr/include/libelf conftest.c
conftest.c:22:25: error: libelf/gelf.h: No such file or directory
configure:6512: $? = 1
configure: failed program was:
| /* confdefs.h */
| #define PACKAGE_NAME ""
| #define PACKAGE_TARNAME ""
| #define PACKAGE_VERSION ""
| #define PACKAGE_STRING ""
| #define PACKAGE_BUGREPORT ""
| #define PACKAGE_URL ""
| #define LT_OBJDIR ".libs/"
| #define STDC_HEADERS 1
| #define HAVE_SYS_TYPES_H 1
| #define HAVE_SYS_STAT_H 1
| #define HAVE_STDLIB_H 1
| #define HAVE_STRING_H 1
| #define HAVE_MEMORY_H 1
| #define HAVE_STRINGS_H 1
| #define HAVE_INTTYPES_H 1
| #define HAVE_STDINT_H 1
| #define HAVE_UNISTD_H 1
| #define HAVE_LIBELF_H 1
| #define HAVE_GELF_H 1
| /* end confdefs.h.  */
| #include <libelf/gelf.h>
configure:6512: result: no
configure:6512: checking for libelf/gelf.h
configure:6512: result: no
configure:6551: checking for the correct version of libelf
configure:6573: gcc -o conftest -g -O2 -I/usr/include/libelf  -I/usr/include/libelf  conftest.c  -lelf >&5
configure:6573: $? = 0
configure:6574: result: yes
configure:6587: checking for elf_getshdrstrndx
configure:6602: gcc -o conftest -g -O2 -I/usr/include/libelf  -I/usr/include/libelf  conftest.c  -lelf >&5
configure:6602: $? = 0
configure:6603: result: yes
