-----BEGIN RSA PRIVATE KEY-----
MIIEpQIBAAKCAQEAmnYI6PK+ScBrNiZTsP9Wov2lgMHqaIccIxdgs4yrGx9si1QU
FhwE7MC+JYG1c/kFVcR480ISEQDIAJj6iF65kNsuKvB+t4ESsOOQcnZxo3CkHGsc
hNTLOaGn1lDeJqxMD1cZ29XFDLCJ8jQMh6v2GGGIDuCPvXDkOhLkOIKY/neol0U+
dFqgzJ1jSUVcetgSYPNearN5IcQ3k/8CcQLovkLmryN+WxXRlqe/bPYB+JjroiHF
3CfYguwO+yWODEZOwsKYD+Jr6hiSo3NQdSVPN/DMNmr4tLQv2gVD/8/L6Sjn7uNT
oeAwB1ZLdUu8apo18xYPVf4VSOzAvojgdmgSJwIDAQABAoIBACB91934wiKNgYAA
i/ZdoAHlTV1KbV7TnQ2cq1DZtFyePZ0JcLg96KNM4DLPmDXvGjoyfCbfrSE6gtft
VjY9htd747hQordDRYVEOWx6kekJltwLhBJFGQLkiIPCuxhzggRwFBZ0X2EN+daj
MEeR2tDCI3bNsi7tgnTc6Hkir8BHY9qaooi0u5+UqPvEb7pSIdSgBUrU2nA8jrxs
IDTrUtd8yJ6gPSbm5DzO6WV4BhKYjEfepL6lZyRYDBCqn8ECD3vpDjt30fDthDPr
UrBRgI7xpvxoLkZqZ7mJrrEuRNQdH3J9co6It1WJ8Fx67ZcJq/GWB9QnwptiKObi
yvuPluECgYEAyYoTd4ZQFhOYr0T+1dQXXc8txEKdbxbq/XNvpWQB7JmVHMdQZ60P
7nU1CWcW/cuBmV0ity/nkzWPYhw9KZL+V59yVa+9hPyZtHtEEG5PXAhoC+yKlb1H
Ly2sja5UPyHnW6K4UJDy/OW6TlBj5iG+80mpArNXXnqFIdigQ0K8NKkCgYEAxDM3
QKWiLMFCC+rFjRl6Ze6MVc4FYJfr7VeokbtX+B4AMswj1Usx6b87HCYB3IAC4OnD
9SJjS/3vvRZX/NzHwIG/kAYUruh0aSReOEVy4jRuwUpM7ny0mrCz6+5gqThFdK8q
EGY/pqqXiLSJKwlmQQEcp22DROqdw6V6Wbamgk8CgYEAuWgoHoZWuOiQR3W+xvJW
CLwnS21JLkC0MDR5WnsVdheYYSBPrQE+Lc5v21WWhico8/EFlechMIFOhiCad9u9
1thds8x4GpbTxIC+DiudIHqvVYDnwXeevB1VqAXfhTDoiZm53IxsrhGdgpxcOwOC
ioiSTmS0lLs8LPYAAcCsKfkCgYEAhFQuzfFpAlqOW09LUrF+dkWAbVb5FX8h5wCa
d0AuQvCpHZnGCVQgJBGQopmX48qLJntEaY95/YUWLyhky+105IgeVdtkE9xAt7GJ
wtZEeAD5OnEMlkWR4kuP7m7mzvtfDSYfbtQn1hd1AQUTBu3eA7XmR557TP4Yzh5L
+TpR780CgYEAoUkqxUPjP7bLd1NoARg5P9mzHlJkdE0Z4GMYh9/vL0HU/6BT3hVG
Ecz318eQdEymPDeJfRka8srtDBT0jHqEexm8/M0mDCQqJ3EbTvKR/O1nQ1NYMwIa
DsTk7+pa4PeEkJX8FgP0sFtLlW6IvydVNWXLXnQ0P8QF84ozgNC+ab8=
-----END RSA PRIVATE KEY-----
